<?xml version="1.0" encoding="UTF-8" ?>
<testsuite errors="0" failures="0" hostname="ppti-14-302-01" name="machineUniverselle.test.Testeur" skipped="0" tests="1" time="0.654" timestamp="2018-04-02T15:09:02">
  <properties>
[...]
</properties>
  <testcase classname="machineUniverselle.test.Testeur" name="test" time="0.628" />
  <system-out><![CDATA[/users/nfs/Etu0/3502330/CA/ProjetUniv/tests

==============================================
/users/nfs/Etu0/3502330/CA/ProjetUniv/tests/exampleLogic4.sum COMPILE....
./sum/umc /users/nfs/Etu0/3502330/CA/ProjetUniv/tests/exampleLogic4.sum binOutput/exampleLogic4out.um
Compile done !
Exec...
<
==============================================
/users/nfs/Etu0/3502330/CA/ProjetUniv/tests/example.sum COMPILE....
./sum/umc /users/nfs/Etu0/3502330/CA/ProjetUniv/tests/example.sum binOutput/exampleout.um
Compile done !
Exec...
A
==============================================
/users/nfs/Etu0/3502330/CA/ProjetUniv/tests/exampleLogic7.sum COMPILE....
./sum/umc /users/nfs/Etu0/3502330/CA/ProjetUniv/tests/exampleLogic7.sum binOutput/exampleLogic7out.um
Compile done !
Exec...
<
==============================================
/users/nfs/Etu0/3502330/CA/ProjetUniv/tests/exampleLogic6.sum COMPILE....
./sum/umc /users/nfs/Etu0/3502330/CA/ProjetUniv/tests/exampleLogic6.sum binOutput/exampleLogic6out.um
Compile done !
Exec...
=
==============================================
/users/nfs/Etu0/3502330/CA/ProjetUniv/tests/exampleRelation2.sum COMPILE....
./sum/umc /users/nfs/Etu0/3502330/CA/ProjetUniv/tests/exampleRelation2.sum binOutput/exampleRelation2out.um
Compile done !
Exec...
=
==============================================
/users/nfs/Etu0/3502330/CA/ProjetUniv/tests/exampleLogic8.sum COMPILE....
./sum/umc /users/nfs/Etu0/3502330/CA/ProjetUniv/tests/exampleLogic8.sum binOutput/exampleLogic8out.um
Compile done !
Exec...
<
==============================================
/users/nfs/Etu0/3502330/CA/ProjetUniv/tests/exampleLogic2.sum COMPILE....
./sum/umc /users/nfs/Etu0/3502330/CA/ProjetUniv/tests/exampleLogic2.sum binOutput/exampleLogic2out.um
Compile done !
Exec...
<
==============================================
/users/nfs/Etu0/3502330/CA/ProjetUniv/tests/exampleLogic3.sum COMPILE....
./sum/umc /users/nfs/Etu0/3502330/CA/ProjetUniv/tests/exampleLogic3.sum binOutput/exampleLogic3out.um
Compile done !
Exec...
=
==============================================
/users/nfs/Etu0/3502330/CA/ProjetUniv/tests/exampleCalc3.sum COMPILE....
./sum/umc /users/nfs/Etu0/3502330/CA/ProjetUniv/tests/exampleCalc3.sum binOutput/exampleCalc3out.um
Compile done !
Exec...
?
==============================================
/users/nfs/Etu0/3502330/CA/ProjetUniv/tests/exampleRelation1.sum COMPILE....
./sum/umc /users/nfs/Etu0/3502330/CA/ProjetUniv/tests/exampleRelation1.sum binOutput/exampleRelation1out.um
Compile done !
Exec...
=
==============================================
/users/nfs/Etu0/3502330/CA/ProjetUniv/tests/exampleLogic5.sum COMPILE....
./sum/umc /users/nfs/Etu0/3502330/CA/ProjetUniv/tests/exampleLogic5.sum binOutput/exampleLogic5out.um
Compile done !
Exec...
<
==============================================
/users/nfs/Etu0/3502330/CA/ProjetUniv/tests/exampleBind2.sum COMPILE....
./sum/umc /users/nfs/Etu0/3502330/CA/ProjetUniv/tests/exampleBind2.sum binOutput/exampleBind2out.um
Compile done !
Exec...
AB
==============================================
/users/nfs/Etu0/3502330/CA/ProjetUniv/tests/exampleRelation0.sum COMPILE....
./sum/umc /users/nfs/Etu0/3502330/CA/ProjetUniv/tests/exampleRelation0.sum binOutput/exampleRelation0out.um
Compile done !
Exec...
<
==============================================
/users/nfs/Etu0/3502330/CA/ProjetUniv/tests/exampleAdd.sum COMPILE....
./sum/umc /users/nfs/Etu0/3502330/CA/ProjetUniv/tests/exampleAdd.sum binOutput/exampleAddout.um
Compile done !
Exec...
M
==============================================
/users/nfs/Etu0/3502330/CA/ProjetUniv/tests/exampleCalc2.sum COMPILE....
./sum/umc /users/nfs/Etu0/3502330/CA/ProjetUniv/tests/exampleCalc2.sum binOutput/exampleCalc2out.um
Compile done !
Exec...
K
==============================================
/users/nfs/Etu0/3502330/CA/ProjetUniv/tests/exampleBind.sum COMPILE....
./sum/umc /users/nfs/Etu0/3502330/CA/ProjetUniv/tests/exampleBind.sum binOutput/exampleBindout.um
Compile done !
Exec...
A
==============================================
/users/nfs/Etu0/3502330/CA/ProjetUniv/tests/exampleLogic.sum COMPILE....
./sum/umc /users/nfs/Etu0/3502330/CA/ProjetUniv/tests/exampleLogic.sum binOutput/exampleLogicout.um
Compile done !
Exec...
=
==============================================
/users/nfs/Etu0/3502330/CA/ProjetUniv/tests/exampleScan.sum COMPILE....
./sum/umc /users/nfs/Etu0/3502330/CA/ProjetUniv/tests/exampleScan.sum binOutput/exampleScanout.um
Compile done !
Exec...
@>:A
==============================================
/users/nfs/Etu0/3502330/CA/ProjetUniv/tests/exampleCalc.sum COMPILE....
./sum/umc /users/nfs/Etu0/3502330/CA/ProjetUniv/tests/exampleCalc.sum binOutput/exampleCalcout.um
Compile done !
Exec...
A
==============================================
/users/nfs/Etu0/3502330/CA/ProjetUniv/tests/exampleRelation4.sum COMPILE....
./sum/umc /users/nfs/Etu0/3502330/CA/ProjetUniv/tests/exampleRelation4.sum binOutput/exampleRelation4out.um
Compile done !
Exec...
<
==============================================
/users/nfs/Etu0/3502330/CA/ProjetUniv/tests/exampleCalc4.sum COMPILE....
./sum/umc /users/nfs/Etu0/3502330/CA/ProjetUniv/tests/exampleCalc4.sum binOutput/exampleCalc4out.um
Compile done !
Exec...
5
==============================================
/users/nfs/Etu0/3502330/CA/ProjetUniv/tests/exampleRelation3.sum COMPILE....
./sum/umc /users/nfs/Etu0/3502330/CA/ProjetUniv/tests/exampleRelation3.sum binOutput/exampleRelation3out.um
Compile done !
Exec...
=
==============================================
/users/nfs/Etu0/3502330/CA/ProjetUniv/tests/examplePrint.sum COMPILE....
./sum/umc /users/nfs/Etu0/3502330/CA/ProjetUniv/tests/examplePrint.sum binOutput/examplePrintout.um
Compile done !
Exec...
Jordan rules]]></system-out>
  <system-err><![CDATA[]]></system-err>
</testsuite>
