<?xml version="1.0" encoding="UTF-8" ?>
<testsuites>
  <testsuite errors="0" failures="0" hostname="DESKTOP-7LPARE1" id="0" name="Testeur" package="machineUniverselle.test" skipped="0" tests="1" time="10.385" timestamp="2018-04-02T13:56:23">
      <properties>
[...]
</properties>

      <testcase classname="machineUniverselle.test.Testeur" name="test" time="10.307" />

      <system-out><![CDATA[C:\Users\Jordan\JAworkspace\ProjetUniv\tests

==============================================
C:\Users\Jordan\JAworkspace\ProjetUniv\tests\example.sum COMPILE....
ocamlrun.exe sum/umc C:\Users\Jordan\JAworkspace\ProjetUniv\tests\example.sum binOutput/exampleout.um
Compile done !
Exec...
A
==============================================
C:\Users\Jordan\JAworkspace\ProjetUniv\tests\exampleAdd.sum COMPILE....
ocamlrun.exe sum/umc C:\Users\Jordan\JAworkspace\ProjetUniv\tests\exampleAdd.sum binOutput/exampleAddout.um
Compile done !
Exec...
M
==============================================
C:\Users\Jordan\JAworkspace\ProjetUniv\tests\exampleBind.sum COMPILE....
ocamlrun.exe sum/umc C:\Users\Jordan\JAworkspace\ProjetUniv\tests\exampleBind.sum binOutput/exampleBindout.um
Compile done !
Exec...
A
==============================================
C:\Users\Jordan\JAworkspace\ProjetUniv\tests\exampleBind2.sum COMPILE....
ocamlrun.exe sum/umc C:\Users\Jordan\JAworkspace\ProjetUniv\tests\exampleBind2.sum binOutput/exampleBind2out.um
Compile done !
Exec...
AB
==============================================
C:\Users\Jordan\JAworkspace\ProjetUniv\tests\exampleCalc.sum COMPILE....
ocamlrun.exe sum/umc C:\Users\Jordan\JAworkspace\ProjetUniv\tests\exampleCalc.sum binOutput/exampleCalcout.um
Compile done !
Exec...
A
==============================================
C:\Users\Jordan\JAworkspace\ProjetUniv\tests\exampleCalc2.sum COMPILE....
ocamlrun.exe sum/umc C:\Users\Jordan\JAworkspace\ProjetUniv\tests\exampleCalc2.sum binOutput/exampleCalc2out.um
Compile done !
Exec...
K
==============================================
C:\Users\Jordan\JAworkspace\ProjetUniv\tests\exampleCalc3.sum COMPILE....
ocamlrun.exe sum/umc C:\Users\Jordan\JAworkspace\ProjetUniv\tests\exampleCalc3.sum binOutput/exampleCalc3out.um
Compile done !
Exec...
?
==============================================
C:\Users\Jordan\JAworkspace\ProjetUniv\tests\exampleCalc4.sum COMPILE....
ocamlrun.exe sum/umc C:\Users\Jordan\JAworkspace\ProjetUniv\tests\exampleCalc4.sum binOutput/exampleCalc4out.um
Compile done !
Exec...
5
==============================================
C:\Users\Jordan\JAworkspace\ProjetUniv\tests\exampleLogic.sum COMPILE....
ocamlrun.exe sum/umc C:\Users\Jordan\JAworkspace\ProjetUniv\tests\exampleLogic.sum binOutput/exampleLogicout.um
Compile done !
Exec...
=
==============================================
C:\Users\Jordan\JAworkspace\ProjetUniv\tests\exampleLogic2.sum COMPILE....
ocamlrun.exe sum/umc C:\Users\Jordan\JAworkspace\ProjetUniv\tests\exampleLogic2.sum binOutput/exampleLogic2out.um
Compile done !
Exec...
<
==============================================
C:\Users\Jordan\JAworkspace\ProjetUniv\tests\exampleLogic3.sum COMPILE....
ocamlrun.exe sum/umc C:\Users\Jordan\JAworkspace\ProjetUniv\tests\exampleLogic3.sum binOutput/exampleLogic3out.um
Compile done !
Exec...
=
==============================================
C:\Users\Jordan\JAworkspace\ProjetUniv\tests\exampleLogic4.sum COMPILE....
ocamlrun.exe sum/umc C:\Users\Jordan\JAworkspace\ProjetUniv\tests\exampleLogic4.sum binOutput/exampleLogic4out.um
Compile done !
Exec...
<
==============================================
C:\Users\Jordan\JAworkspace\ProjetUniv\tests\exampleLogic5.sum COMPILE....
ocamlrun.exe sum/umc C:\Users\Jordan\JAworkspace\ProjetUniv\tests\exampleLogic5.sum binOutput/exampleLogic5out.um
Compile done !
Exec...
<
==============================================
C:\Users\Jordan\JAworkspace\ProjetUniv\tests\exampleLogic6.sum COMPILE....
ocamlrun.exe sum/umc C:\Users\Jordan\JAworkspace\ProjetUniv\tests\exampleLogic6.sum binOutput/exampleLogic6out.um
Compile done !
Exec...
=
==============================================
C:\Users\Jordan\JAworkspace\ProjetUniv\tests\exampleLogic7.sum COMPILE....
ocamlrun.exe sum/umc C:\Users\Jordan\JAworkspace\ProjetUniv\tests\exampleLogic7.sum binOutput/exampleLogic7out.um
Compile done !
Exec...
<
==============================================
C:\Users\Jordan\JAworkspace\ProjetUniv\tests\exampleLogic8.sum COMPILE....
ocamlrun.exe sum/umc C:\Users\Jordan\JAworkspace\ProjetUniv\tests\exampleLogic8.sum binOutput/exampleLogic8out.um
Compile done !
Exec...
<
==============================================
C:\Users\Jordan\JAworkspace\ProjetUniv\tests\examplePrint.sum COMPILE....
ocamlrun.exe sum/umc C:\Users\Jordan\JAworkspace\ProjetUniv\tests\examplePrint.sum binOutput/examplePrintout.um
Compile done !
Exec...
Jordan rules
==============================================
C:\Users\Jordan\JAworkspace\ProjetUniv\tests\exampleRelation0.sum COMPILE....
ocamlrun.exe sum/umc C:\Users\Jordan\JAworkspace\ProjetUniv\tests\exampleRelation0.sum binOutput/exampleRelation0out.um
Compile done !
Exec...
<
==============================================
C:\Users\Jordan\JAworkspace\ProjetUniv\tests\exampleRelation1.sum COMPILE....
ocamlrun.exe sum/umc C:\Users\Jordan\JAworkspace\ProjetUniv\tests\exampleRelation1.sum binOutput/exampleRelation1out.um
Compile done !
Exec...
=
==============================================
C:\Users\Jordan\JAworkspace\ProjetUniv\tests\exampleRelation2.sum COMPILE....
ocamlrun.exe sum/umc C:\Users\Jordan\JAworkspace\ProjetUniv\tests\exampleRelation2.sum binOutput/exampleRelation2out.um
Compile done !
Exec...
=
==============================================
C:\Users\Jordan\JAworkspace\ProjetUniv\tests\exampleRelation3.sum COMPILE....
ocamlrun.exe sum/umc C:\Users\Jordan\JAworkspace\ProjetUniv\tests\exampleRelation3.sum binOutput/exampleRelation3out.um
Compile done !
Exec...
=
==============================================
C:\Users\Jordan\JAworkspace\ProjetUniv\tests\exampleRelation4.sum COMPILE....
ocamlrun.exe sum/umc C:\Users\Jordan\JAworkspace\ProjetUniv\tests\exampleRelation4.sum binOutput/exampleRelation4out.um
Compile done !
Exec...
<
==============================================
C:\Users\Jordan\JAworkspace\ProjetUniv\tests\exampleScan.sum COMPILE....
ocamlrun.exe sum/umc C:\Users\Jordan\JAworkspace\ProjetUniv\tests\exampleScan.sum binOutput/exampleScanout.um
Compile done !
Exec...
@>:A]]></system-out>

      <system-err><![CDATA[]]></system-err>

  </testsuite>
</testsuites>
